<?xml version="1.0" encoding="UTF-8"?>
<testng-results skipped="0" failed="0" ignored="0" total="1" passed="1">
  <reporter-output>
  </reporter-output>
  <suite name="Default suite" duration-ms="82319" started-at="2017-02-16T09:45:17Z" finished-at="2017-02-16T09:46:39Z">
    <groups>
    </groups>
    <test name="Default test" duration-ms="82319" started-at="2017-02-16T09:45:17Z" finished-at="2017-02-16T09:46:39Z">
      <class name="naresh.localwork.App">
        <test-method status="PASS" signature="Sample()[pri:0, instance:naresh.localwork.App@2e570ded]" name="Sample" duration-ms="81809" started-at="2017-02-16T15:15:17Z" finished-at="2017-02-16T15:16:39Z">
          <reporter-output>
          </reporter-output>
        </test-method> <!-- Sample -->
        <test-method status="PASS" signature="tearDown()[pri:0, instance:naresh.localwork.App@2e570ded]" name="tearDown" is-config="true" duration-ms="488" started-at="2017-02-16T15:16:39Z" finished-at="2017-02-16T15:16:39Z">
          <reporter-output>
          </reporter-output>
        </test-method> <!-- tearDown -->
      </class> <!-- naresh.localwork.App -->
    </test> <!-- Default test -->
  </suite> <!-- Default suite -->
</testng-results>
